  GamePlay.cpp
e:\imagecampus\practicaprofesional de videojuego\asteroids\src\game\gameplay.cpp(72): warning C4244: 'inicializando': conversión de 'int' a 'float'; posible pérdida de datos
e:\imagecampus\practicaprofesional de videojuego\asteroids\src\game\gameplay.cpp(72): warning C4244: 'inicializando': conversión de 'int' a 'const float'; posible pérdida de datos
e:\imagecampus\practicaprofesional de videojuego\asteroids\src\game\gameplay.cpp(73): warning C4244: 'inicializando': conversión de 'int' a 'float'; posible pérdida de datos
e:\imagecampus\practicaprofesional de videojuego\asteroids\src\game\gameplay.cpp(73): warning C4244: 'inicializando': conversión de 'int' a 'const float'; posible pérdida de datos
e:\imagecampus\practicaprofesional de videojuego\asteroids\src\game\gameplay.cpp(127): warning C4244: '=': conversión de 'int' a 'float'; posible pérdida de datos
e:\imagecampus\practicaprofesional de videojuego\asteroids\src\game\gameplay.cpp(131): warning C4244: '=': conversión de 'int' a 'float'; posible pérdida de datos
e:\imagecampus\practicaprofesional de videojuego\asteroids\src\game\gameplay.cpp(138): warning C4244: '=': conversión de 'int' a 'float'; posible pérdida de datos
e:\imagecampus\practicaprofesional de videojuego\asteroids\src\game\gameplay.cpp(142): warning C4244: '=': conversión de 'int' a 'float'; posible pérdida de datos
e:\imagecampus\practicaprofesional de videojuego\asteroids\src\game\gameplay.cpp(149): warning C4244: 'argumento': conversión de 'const float' a 'int'; posible pérdida de datos
e:\imagecampus\practicaprofesional de videojuego\asteroids\src\game\gameplay.cpp(15): warning C4244: 'argumento': conversión de 'const float' a 'int'; posible pérdida de datos
e:\imagecampus\practicaprofesional de videojuego\asteroids\src\game\gameplay.cpp(149): warning C4244: '=': conversión de 'int' a 'float'; posible pérdida de datos
e:\imagecampus\practicaprofesional de videojuego\asteroids\src\game\gameplay.cpp(150): warning C4244: 'argumento': conversión de 'const float' a 'int'; posible pérdida de datos
e:\imagecampus\practicaprofesional de videojuego\asteroids\src\game\gameplay.cpp(150): warning C4244: '=': conversión de 'int' a 'float'; posible pérdida de datos
e:\imagecampus\practicaprofesional de videojuego\asteroids\src\game\gameplay.cpp(155): warning C4244: 'argumento': conversión de 'const float' a 'int'; posible pérdida de datos
e:\imagecampus\practicaprofesional de videojuego\asteroids\src\game\gameplay.cpp(155): warning C4244: '=': conversión de 'int' a 'float'; posible pérdida de datos
e:\imagecampus\practicaprofesional de videojuego\asteroids\src\game\gameplay.cpp(156): warning C4244: 'argumento': conversión de 'const float' a 'int'; posible pérdida de datos
e:\imagecampus\practicaprofesional de videojuego\asteroids\src\game\gameplay.cpp(156): warning C4244: '=': conversión de 'int' a 'float'; posible pérdida de datos
e:\imagecampus\practicaprofesional de videojuego\asteroids\src\game\gameplay.cpp(263): warning C4244: '=': conversión de 'float' a 'int'; posible pérdida de datos
  Asteroids.vcxproj -> E:\ImageCampus\PracticaProfesional de Videojuego\Asteroids\bin\Debug\Asteroids.exe
  Ya existe el subdirectorio o el archivo E:\ImageCampus\PracticaProfesional de Videojuego\Asteroids\bin\Debug\res.
  0 archivo(s) copiado(s)
